# JRE version: OpenJDK Runtime Environment (11.0.15) (build 11.0.15+0-b2043.56-9505619)
# Java VM: OpenJDK 64-Bit Server VM (11.0.15+0-b2043.56-9505619, mixed mode, tiered, compressed oops, g1 gc, windows-amd64)
Heap:
 garbage-first heap   total 262144K, used 205390K [0x0000000080000000, 0x0000000100000000)
  region size 1024K, 52 young (53248K), 5 survivors (5120K)
 Metaspace       used 98174K, capacity 100384K, committed 100656K, reserved 1136640K
  class space    used 12142K, capacity 12843K, committed 12928K, reserved 1048576K
GC Heap History (20 events):
Event: 33.989 GC heap before
{Heap before GC invocations=37 (full 0):
 garbage-first heap   total 166912K, used 145057K [0x0000000080000000, 0x0000000100000000)
  region size 1024K, 13 young (13312K), 2 survivors (2048K)
 Metaspace       used 81421K, capacity 83337K, committed 83504K, reserved 1122304K
  class space    used 10129K, capacity 10768K, committed 10880K, reserved 1048576K
}
Event: 33.994 GC heap after
{Heap after GC invocations=38 (full 0):
 garbage-first heap   total 166912K, used 134303K [0x0000000080000000, 0x0000000100000000)
  region size 1024K, 2 young (2048K), 2 survivors (2048K)
 Metaspace       used 81421K, capacity 83337K, committed 83504K, reserved 1122304K
  class space    used 10129K, capacity 10768K, committed 10880K, reserved 1048576K
}
Event: 34.442 GC heap before
{Heap before GC invocations=39 (full 0):
 garbage-first heap   total 166912K, used 145567K [0x0000000080000000, 0x0000000100000000)
  region size 1024K, 13 young (13312K), 2 survivors (2048K)
 Metaspace       used 82409K, capacity 84319K, committed 84656K, reserved 1122304K
  class space    used 10254K, capacity 10912K, committed 11008K, reserved 1048576K
}
Event: 34.449 GC heap after
{Heap after GC invocations=40 (full 0):
 garbage-first heap   total 166912K, used 135197K [0x0000000080000000, 0x0000000100000000)
  region size 1024K, 2 young (2048K), 2 survivors (2048K)
 Metaspace       used 82409K, capacity 84319K, committed 84656K, reserved 1122304K
  class space    used 10254K, capacity 10912K, committed 11008K, reserved 1048576K
}
Event: 35.009 GC heap before
{Heap before GC invocations=40 (full 0):
 garbage-first heap   total 166912K, used 145437K [0x0000000080000000, 0x0000000100000000)
  region size 1024K, 13 young (13312K), 2 survivors (2048K)
 Metaspace       used 82862K, capacity 84758K, committed 84912K, reserved 1124352K
  class space    used 10288K, capacity 10924K, committed 11008K, reserved 1048576K
}
Event: 35.027 GC heap after
{Heap after GC invocations=41 (full 0):
 garbage-first heap   total 200704K, used 137291K [0x0000000080000000, 0x0000000100000000)
  region size 1024K, 2 young (2048K), 2 survivors (2048K)
 Metaspace       used 82862K, capacity 84758K, committed 84912K, reserved 1124352K
  class space    used 10288K, capacity 10924K, committed 11008K, reserved 1048576K
}
Event: 36.004 GC heap before
{Heap before GC invocations=42 (full 0):
 garbage-first heap   total 200704K, used 159819K [0x0000000080000000, 0x0000000100000000)
  region size 1024K, 25 young (25600K), 2 survivors (2048K)
 Metaspace       used 84115K, capacity 86156K, committed 86448K, reserved 1124352K
  class space    used 10466K, capacity 11153K, committed 11264K, reserved 1048576K
}
Event: 36.018 GC heap after
{Heap after GC invocations=43 (full 0):
 garbage-first heap   total 200704K, used 141159K [0x0000000080000000, 0x0000000100000000)
  region size 1024K, 4 young (4096K), 4 survivors (4096K)
 Metaspace       used 84115K, capacity 86156K, committed 86448K, reserved 1124352K
  class space    used 10466K, capacity 11153K, committed 11264K, reserved 1048576K
}
Event: 36.400 GC heap before
{Heap before GC invocations=43 (full 0):
 garbage-first heap   total 200704K, used 162663K [0x0000000080000000, 0x0000000100000000)
  region size 1024K, 26 young (26624K), 4 survivors (4096K)
 Metaspace       used 84226K, capacity 86287K, committed 86448K, reserved 1124352K
  class space    used 10467K, capacity 11154K, committed 11264K, reserved 1048576K
}
Event: 36.412 GC heap after
{Heap after GC invocations=44 (full 0):
 garbage-first heap   total 200704K, used 144180K [0x0000000080000000, 0x0000000100000000)
  region size 1024K, 4 young (4096K), 4 survivors (4096K)
 Metaspace       used 84226K, capacity 86287K, committed 86448K, reserved 1124352K
  class space    used 10467K, capacity 11154K, committed 11264K, reserved 1048576K
}
Event: 36.794 GC heap before
{Heap before GC invocations=45 (full 0):
 garbage-first heap   total 200704K, used 165684K [0x0000000080000000, 0x0000000100000000)
  region size 1024K, 25 young (25600K), 4 survivors (4096K)
 Metaspace       used 84292K, capacity 86357K, committed 86704K, reserved 1124352K
  class space    used 10467K, capacity 11154K, committed 11264K, reserved 1048576K
}
Event: 36.801 GC heap after
{Heap after GC invocations=46 (full 0):
 garbage-first heap   total 200704K, used 145867K [0x0000000080000000, 0x0000000100000000)
  region size 1024K, 4 young (4096K), 4 survivors (4096K)
 Metaspace       used 84292K, capacity 86357K, committed 86704K, reserved 1124352K
  class space    used 10467K, capacity 11154K, committed 11264K, reserved 1048576K
}
Event: 37.126 GC heap before
{Heap before GC invocations=46 (full 0):
 garbage-first heap   total 200704K, used 167371K [0x0000000080000000, 0x0000000100000000)
  region size 1024K, 25 young (25600K), 4 survivors (4096K)
 Metaspace       used 84534K, capacity 86538K, committed 86704K, reserved 1124352K
  class space    used 10484K, capacity 11189K, committed 11264K, reserved 1048576K
}
Event: 37.138 GC heap after
{Heap after GC invocations=47 (full 0):
 garbage-first heap   total 262144K, used 147673K [0x0000000080000000, 0x0000000100000000)
  region size 1024K, 4 young (4096K), 4 survivors (4096K)
 Metaspace       used 84534K, capacity 86538K, committed 86704K, reserved 1124352K
  class space    used 10484K, capacity 11189K, committed 11264K, reserved 1048576K
}
Event: 38.261 GC heap before
{Heap before GC invocations=48 (full 0):
 garbage-first heap   total 262144K, used 193753K [0x0000000080000000, 0x0000000100000000)
  region size 1024K, 50 young (51200K), 4 survivors (4096K)
 Metaspace       used 86721K, capacity 88749K, committed 89008K, reserved 1126400K
  class space    used 10757K, capacity 11422K, committed 11520K, reserved 1048576K
}
Event: 38.274 GC heap after
{Heap after GC invocations=49 (full 0):
 garbage-first heap   total 262144K, used 149960K [0x0000000080000000, 0x0000000100000000)
  region size 1024K, 5 young (5120K), 5 survivors (5120K)
 Metaspace       used 86721K, capacity 88749K, committed 89008K, reserved 1126400K
  class space    used 10757K, capacity 11422K, committed 11520K, reserved 1048576K
}
Event: 39.331 GC heap before
{Heap before GC invocations=49 (full 0):
 garbage-first heap   total 262144K, used 198088K [0x0000000080000000, 0x0000000100000000)
  region size 1024K, 53 young (54272K), 5 survivors (5120K)
 Metaspace       used 91064K, capacity 93035K, committed 93360K, reserved 1130496K
  class space    used 11283K, capacity 11928K, committed 12032K, reserved 1048576K
}
Event: 39.353 GC heap after
{Heap after GC invocations=50 (full 0):
 garbage-first heap   total 262144K, used 154845K [0x0000000080000000, 0x0000000100000000)
  region size 1024K, 5 young (5120K), 5 survivors (5120K)
 Metaspace       used 91064K, capacity 93035K, committed 93360K, reserved 1130496K
  class space    used 11283K, capacity 11928K, committed 12032K, reserved 1048576K
}
Event: 41.299 GC heap before
{Heap before GC invocations=51 (full 0):
 garbage-first heap   total 262144K, used 203997K [0x0000000080000000, 0x0000000100000000)
  region size 1024K, 53 young (54272K), 5 survivors (5120K)
 Metaspace       used 95664K, capacity 97819K, committed 98096K, reserved 1134592K
  class space    used 11842K, capacity 12568K, committed 12672K, reserved 1048576K
}
Event: 41.323 GC heap after
{Heap after GC invocations=52 (full 0):
 garbage-first heap   total 262144K, used 159310K [0x0000000080000000, 0x0000000100000000)
  region size 1024K, 5 young (5120K), 5 survivors (5120K)
 Metaspace       used 95664K, capacity 97819K, committed 98096K, reserved 1134592K
  class space    used 11842K, capacity 12568K, committed 12672K, reserved 1048576K
}

