# JRE version: OpenJDK Runtime Environment (11.0.15) (build 11.0.15+0-b2043.56-9505619)
# Java VM: OpenJDK 64-Bit Server VM (11.0.15+0-b2043.56-9505619, mixed mode, tiered, compressed oops, g1 gc, windows-amd64)
Heap:
 garbage-first heap   total 189440K, used 145319K [0x0000000080000000, 0x0000000100000000)
  region size 1024K, 56 young (57344K), 6 survivors (6144K)
 Metaspace       used 76025K, capacity 77858K, committed 77960K, reserved 1118208K
  class space    used 9683K, capacity 10340K, committed 10368K, reserved 1048576K
GC Heap History (20 events):
Event: 12.134 GC heap after
{Heap after GC invocations=11 (full 0):
 garbage-first heap   total 131072K, used 44845K [0x0000000080000000, 0x0000000100000000)
  region size 1024K, 8 young (8192K), 8 survivors (8192K)
 Metaspace       used 42834K, capacity 43829K, committed 43984K, reserved 1087488K
  class space    used 5399K, capacity 5731K, committed 5760K, reserved 1048576K
}
Event: 13.571 GC heap before
{Heap before GC invocations=11 (full 0):
 garbage-first heap   total 131072K, used 104237K [0x0000000080000000, 0x0000000100000000)
  region size 1024K, 58 young (59392K), 8 survivors (8192K)
 Metaspace       used 50034K, capacity 51235K, committed 51280K, reserved 1093632K
  class space    used 6237K, capacity 6613K, committed 6656K, reserved 1048576K
}
Event: 13.590 GC heap after
{Heap after GC invocations=12 (full 0):
 garbage-first heap   total 131072K, used 62464K [0x0000000080000000, 0x0000000100000000)
  region size 1024K, 8 young (8192K), 8 survivors (8192K)
 Metaspace       used 50034K, capacity 51235K, committed 51280K, reserved 1093632K
  class space    used 6237K, capacity 6613K, committed 6656K, reserved 1048576K
}
Event: 14.568 GC heap before
{Heap before GC invocations=12 (full 0):
 garbage-first heap   total 131072K, used 101376K [0x0000000080000000, 0x0000000100000000)
  region size 1024K, 47 young (48128K), 8 survivors (8192K)
 Metaspace       used 54381K, capacity 55644K, committed 55760K, reserved 1097728K
  class space    used 6793K, capacity 7205K, committed 7296K, reserved 1048576K
}
Event: 14.583 GC heap after
{Heap after GC invocations=13 (full 0):
 garbage-first heap   total 157696K, used 66908K [0x0000000080000000, 0x0000000100000000)
  region size 1024K, 4 young (4096K), 4 survivors (4096K)
 Metaspace       used 54381K, capacity 55644K, committed 55760K, reserved 1097728K
  class space    used 6793K, capacity 7205K, committed 7296K, reserved 1048576K
}
Event: 15.549 GC heap before
{Heap before GC invocations=13 (full 0):
 garbage-first heap   total 157696K, used 94556K [0x0000000080000000, 0x0000000100000000)
  region size 1024K, 31 young (31744K), 4 survivors (4096K)
 Metaspace       used 58887K, capacity 60115K, committed 60296K, reserved 1101824K
  class space    used 7295K, capacity 7738K, committed 7808K, reserved 1048576K
}
Event: 15.566 GC heap after
{Heap after GC invocations=14 (full 0):
 garbage-first heap   total 157696K, used 68210K [0x0000000080000000, 0x0000000100000000)
  region size 1024K, 6 young (6144K), 6 survivors (6144K)
 Metaspace       used 58887K, capacity 60115K, committed 60296K, reserved 1101824K
  class space    used 7295K, capacity 7738K, committed 7808K, reserved 1048576K
}
Event: 16.596 GC heap before
{Heap before GC invocations=15 (full 0):
 garbage-first heap   total 157696K, used 115314K [0x0000000080000000, 0x0000000100000000)
  region size 1024K, 52 young (53248K), 6 survivors (6144K)
 Metaspace       used 62182K, capacity 63580K, committed 63880K, reserved 1105920K
  class space    used 7740K, capacity 8252K, committed 8320K, reserved 1048576K
}
Event: 16.624 GC heap after
{Heap after GC invocations=16 (full 0):
 garbage-first heap   total 157696K, used 72255K [0x0000000080000000, 0x0000000100000000)
  region size 1024K, 6 young (6144K), 6 survivors (6144K)
 Metaspace       used 62182K, capacity 63580K, committed 63880K, reserved 1105920K
  class space    used 7740K, capacity 8252K, committed 8320K, reserved 1048576K
}
Event: 17.953 GC heap before
{Heap before GC invocations=17 (full 0):
 garbage-first heap   total 157696K, used 119359K [0x0000000080000000, 0x0000000100000000)
  region size 1024K, 52 young (53248K), 6 survivors (6144K)
 Metaspace       used 67285K, capacity 68776K, committed 69000K, reserved 1110016K
  class space    used 8536K, capacity 9081K, committed 9088K, reserved 1048576K
}
Event: 17.970 GC heap after
{Heap after GC invocations=18 (full 0):
 garbage-first heap   total 157696K, used 75822K [0x0000000080000000, 0x0000000100000000)
  region size 1024K, 4 young (4096K), 4 survivors (4096K)
 Metaspace       used 67285K, capacity 68776K, committed 69000K, reserved 1110016K
  class space    used 8536K, capacity 9081K, committed 9088K, reserved 1048576K
}
Event: 19.169 GC heap before
{Heap before GC invocations=18 (full 0):
 garbage-first heap   total 157696K, used 121902K [0x0000000080000000, 0x0000000100000000)
  region size 1024K, 49 young (50176K), 4 survivors (4096K)
 Metaspace       used 71633K, capacity 73235K, committed 73480K, reserved 1114112K
  class space    used 9144K, capacity 9696K, committed 9728K, reserved 1048576K
}
Event: 19.184 GC heap after
{Heap after GC invocations=19 (full 0):
 garbage-first heap   total 157696K, used 78307K [0x0000000080000000, 0x0000000100000000)
  region size 1024K, 7 young (7168K), 7 survivors (7168K)
 Metaspace       used 71633K, capacity 73235K, committed 73480K, reserved 1114112K
  class space    used 9144K, capacity 9696K, committed 9728K, reserved 1048576K
}
Event: 19.957 GC heap before
{Heap before GC invocations=20 (full 0):
 garbage-first heap   total 157696K, used 124387K [0x0000000080000000, 0x0000000100000000)
  region size 1024K, 52 young (53248K), 7 survivors (7168K)
 Metaspace       used 72489K, capacity 74102K, committed 74120K, reserved 1114112K
  class space    used 9281K, capacity 9853K, committed 9856K, reserved 1048576K
}
Event: 19.980 GC heap after
{Heap after GC invocations=21 (full 0):
 garbage-first heap   total 157696K, used 83904K [0x0000000080000000, 0x0000000100000000)
  region size 1024K, 7 young (7168K), 7 survivors (7168K)
 Metaspace       used 72489K, capacity 74102K, committed 74120K, reserved 1114112K
  class space    used 9281K, capacity 9853K, committed 9856K, reserved 1048576K
}
Event: 21.499 GC heap before
{Heap before GC invocations=21 (full 0):
 garbage-first heap   total 157696K, used 126912K [0x0000000080000000, 0x0000000100000000)
  region size 1024K, 49 young (50176K), 7 survivors (7168K)
 Metaspace       used 74774K, capacity 76681K, committed 76936K, reserved 1116160K
  class space    used 9608K, capacity 10267K, committed 10368K, reserved 1048576K
}
Event: 21.530 GC heap after
{Heap after GC invocations=22 (full 0):
 garbage-first heap   total 189440K, used 90967K [0x0000000080000000, 0x0000000100000000)
  region size 1024K, 7 young (7168K), 7 survivors (7168K)
 Metaspace       used 74774K, capacity 76681K, committed 76936K, reserved 1116160K
  class space    used 9608K, capacity 10267K, committed 10368K, reserved 1048576K
}
Event: 22.511 GC heap before
{Heap before GC invocations=23 (full 0):
 garbage-first heap   total 189440K, used 141143K [0x0000000080000000, 0x0000000100000000)
  region size 1024K, 57 young (58368K), 7 survivors (7168K)
 Metaspace       used 75036K, capacity 76882K, committed 77192K, reserved 1116160K
  class space    used 9608K, capacity 10267K, committed 10368K, reserved 1048576K
}
Event: 22.528 GC heap after
{Heap after GC invocations=24 (full 0):
 garbage-first heap   total 189440K, used 94119K [0x0000000080000000, 0x0000000100000000)
  region size 1024K, 5 young (5120K), 5 survivors (5120K)
 Metaspace       used 75036K, capacity 76882K, committed 77192K, reserved 1116160K
  class space    used 9608K, capacity 10267K, committed 10368K, reserved 1048576K
}
Event: 23.740 GC heap before
{Heap before GC invocations=24 (full 0):
 garbage-first heap   total 189440K, used 144295K [0x0000000080000000, 0x0000000100000000)
  region size 1024K, 55 young (56320K), 5 survivors (5120K)
 Metaspace       used 76025K, capacity 77858K, committed 77960K, reserved 1118208K
  class space    used 9683K, capacity 10340K, committed 10368K, reserved 1048576K
}

