# JRE version: OpenJDK Runtime Environment (11.0.11+9) (build 11.0.11+9-b60-7590822)
# Java VM: OpenJDK 64-Bit Server VM (11.0.11+9-b60-7590822, mixed mode, tiered, compressed oops, g1 gc, windows-amd64)
Heap:
 garbage-first heap   total 157696K, used 126869K [0x0000000080000000, 0x0000000100000000)
  region size 1024K, 56 young (57344K), 7 survivors (7168K)
 Metaspace       used 74542K, capacity 76308K, committed 76496K, reserved 1116160K
  class space    used 9617K, capacity 10298K, committed 10368K, reserved 1048576K
GC Heap History (20 events):
Event: 8.641 GC heap after
{Heap after GC invocations=5 (full 0):
 garbage-first heap   total 131072K, used 16079K [0x0000000080000000, 0x0000000100000000)
  region size 1024K, 4 young (4096K), 4 survivors (4096K)
 Metaspace       used 20797K, capacity 21172K, committed 21296K, reserved 1069056K
  class space    used 2489K, capacity 2636K, committed 2688K, reserved 1048576K
}
Event: 10.651 GC heap before
{Heap before GC invocations=6 (full 0):
 garbage-first heap   total 131072K, used 73423K [0x0000000080000000, 0x0000000100000000)
  region size 1024K, 52 young (53248K), 4 survivors (4096K)
 Metaspace       used 26718K, capacity 27462K, committed 27696K, reserved 1073152K
  class space    used 3420K, capacity 3663K, committed 3712K, reserved 1048576K
}
Event: 10.662 GC heap after
{Heap after GC invocations=7 (full 0):
 garbage-first heap   total 131072K, used 28887K [0x0000000080000000, 0x0000000100000000)
  region size 1024K, 7 young (7168K), 7 survivors (7168K)
 Metaspace       used 26718K, capacity 27462K, committed 27696K, reserved 1073152K
  class space    used 3420K, capacity 3663K, committed 3712K, reserved 1048576K
}
Event: 12.532 GC heap before
{Heap before GC invocations=7 (full 0):
 garbage-first heap   total 131072K, used 75991K [0x0000000080000000, 0x0000000100000000)
  region size 1024K, 52 young (53248K), 7 survivors (7168K)
 Metaspace       used 35055K, capacity 35760K, committed 35888K, reserved 1081344K
  class space    used 4397K, capacity 4658K, committed 4736K, reserved 1048576K
}
Event: 12.549 GC heap after
{Heap after GC invocations=8 (full 0):
 garbage-first heap   total 131072K, used 34588K [0x0000000080000000, 0x0000000100000000)
  region size 1024K, 8 young (8192K), 8 survivors (8192K)
 Metaspace       used 35055K, capacity 35760K, committed 35888K, reserved 1081344K
  class space    used 4397K, capacity 4658K, committed 4736K, reserved 1048576K
}
Event: 14.983 GC heap before
{Heap before GC invocations=9 (full 0):
 garbage-first heap   total 131072K, used 88860K [0x0000000080000000, 0x0000000100000000)
  region size 1024K, 62 young (63488K), 8 survivors (8192K)
 Metaspace       used 39540K, capacity 40336K, committed 40624K, reserved 1085440K
  class space    used 5035K, capacity 5343K, committed 5376K, reserved 1048576K
}
Event: 15.004 GC heap after
{Heap after GC invocations=10 (full 0):
 garbage-first heap   total 131072K, used 35525K [0x0000000080000000, 0x0000000100000000)
  region size 1024K, 7 young (7168K), 7 survivors (7168K)
 Metaspace       used 39540K, capacity 40336K, committed 40624K, reserved 1085440K
  class space    used 5035K, capacity 5343K, committed 5376K, reserved 1048576K
}
Event: 17.889 GC heap before
{Heap before GC invocations=10 (full 0):
 garbage-first heap   total 131072K, used 101061K [0x0000000080000000, 0x0000000100000000)
  region size 1024K, 65 young (66560K), 7 survivors (7168K)
 Metaspace       used 43154K, capacity 44112K, committed 44336K, reserved 1087488K
  class space    used 5531K, capacity 5898K, committed 6016K, reserved 1048576K
}
Event: 17.916 GC heap after
{Heap after GC invocations=11 (full 0):
 garbage-first heap   total 157696K, used 52696K [0x0000000080000000, 0x0000000100000000)
  region size 1024K, 9 young (9216K), 9 survivors (9216K)
 Metaspace       used 43154K, capacity 44112K, committed 44336K, reserved 1087488K
  class space    used 5531K, capacity 5898K, committed 6016K, reserved 1048576K
}
Event: 21.152 GC heap before
{Heap before GC invocations=11 (full 0):
 garbage-first heap   total 157696K, used 114136K [0x0000000080000000, 0x0000000100000000)
  region size 1024K, 68 young (69632K), 9 survivors (9216K)
 Metaspace       used 52674K, capacity 53918K, committed 53936K, reserved 1095680K
  class space    used 6671K, capacity 7154K, committed 7168K, reserved 1048576K
}
Event: 21.170 GC heap after
{Heap after GC invocations=12 (full 0):
 garbage-first heap   total 157696K, used 60732K [0x0000000080000000, 0x0000000100000000)
  region size 1024K, 6 young (6144K), 6 survivors (6144K)
 Metaspace       used 52674K, capacity 53918K, committed 53936K, reserved 1095680K
  class space    used 6671K, capacity 7154K, committed 7168K, reserved 1048576K
}
Event: 23.337 GC heap before
{Heap before GC invocations=12 (full 0):
 garbage-first heap   total 157696K, used 111932K [0x0000000080000000, 0x0000000100000000)
  region size 1024K, 57 young (58368K), 6 survivors (6144K)
 Metaspace       used 58753K, capacity 60065K, committed 60240K, reserved 1101824K
  class space    used 7374K, capacity 7854K, committed 7936K, reserved 1048576K
}
Event: 23.354 GC heap after
{Heap after GC invocations=13 (full 0):
 garbage-first heap   total 157696K, used 64281K [0x0000000080000000, 0x0000000100000000)
  region size 1024K, 5 young (5120K), 5 survivors (5120K)
 Metaspace       used 58753K, capacity 60065K, committed 60240K, reserved 1101824K
  class space    used 7374K, capacity 7854K, committed 7936K, reserved 1048576K
}
Event: 25.647 GC heap before
{Heap before GC invocations=14 (full 0):
 garbage-first heap   total 157696K, used 120601K [0x0000000080000000, 0x0000000100000000)
  region size 1024K, 60 young (61440K), 5 survivors (5120K)
 Metaspace       used 63529K, capacity 65045K, committed 65104K, reserved 1105920K
  class space    used 8098K, capacity 8666K, committed 8704K, reserved 1048576K
}
Event: 25.663 GC heap after
{Heap after GC invocations=15 (full 0):
 garbage-first heap   total 157696K, used 68129K [0x0000000080000000, 0x0000000100000000)
  region size 1024K, 8 young (8192K), 8 survivors (8192K)
 Metaspace       used 63529K, capacity 65045K, committed 65104K, reserved 1105920K
  class space    used 8098K, capacity 8666K, committed 8704K, reserved 1048576K
}
Event: 26.904 GC heap before
{Heap before GC invocations=15 (full 0):
 garbage-first heap   total 157696K, used 123425K [0x0000000080000000, 0x0000000100000000)
  region size 1024K, 62 young (63488K), 8 survivors (8192K)
 Metaspace       used 69081K, capacity 70718K, committed 70864K, reserved 1110016K
  class space    used 8934K, capacity 9534K, committed 9600K, reserved 1048576K
}
Event: 26.924 GC heap after
{Heap after GC invocations=16 (full 0):
 garbage-first heap   total 157696K, used 72319K [0x0000000080000000, 0x0000000100000000)
  region size 1024K, 5 young (5120K), 5 survivors (5120K)
 Metaspace       used 69081K, capacity 70718K, committed 70864K, reserved 1110016K
  class space    used 8934K, capacity 9534K, committed 9600K, reserved 1048576K
}
Event: 28.783 GC heap before
{Heap before GC invocations=16 (full 0):
 garbage-first heap   total 157696K, used 124543K [0x0000000080000000, 0x0000000100000000)
  region size 1024K, 56 young (57344K), 5 survivors (5120K)
 Metaspace       used 73697K, capacity 75422K, committed 75600K, reserved 1114112K
  class space    used 9560K, capacity 10225K, committed 10240K, reserved 1048576K
}
Event: 28.800 GC heap after
{Heap after GC invocations=17 (full 0):
 garbage-first heap   total 157696K, used 76693K [0x0000000080000000, 0x0000000100000000)
  region size 1024K, 7 young (7168K), 7 survivors (7168K)
 Metaspace       used 73697K, capacity 75422K, committed 75600K, reserved 1114112K
  class space    used 9560K, capacity 10225K, committed 10240K, reserved 1048576K
}
Event: 30.023 GC heap before
{Heap before GC invocations=17 (full 0):
 garbage-first heap   total 157696K, used 126869K [0x0000000080000000, 0x0000000100000000)
  region size 1024K, 56 young (57344K), 7 survivors (7168K)
 Metaspace       used 74542K, capacity 76308K, committed 76496K, reserved 1116160K
  class space    used 9617K, capacity 10298K, committed 10368K, reserved 1048576K
}

