# JRE version: OpenJDK Runtime Environment (11.0.11+9) (build 11.0.11+9-b60-7590822)
# Java VM: OpenJDK 64-Bit Server VM (11.0.11+9-b60-7590822, mixed mode, tiered, compressed oops, g1 gc, windows-amd64)
Heap:
 garbage-first heap   total 396288K, used 290738K [0x0000000080000000, 0x0000000100000000)
  region size 1024K, 125 young (128000K), 9 survivors (9216K)
 Metaspace       used 151951K, capacity 157038K, committed 165840K, reserved 1193984K
  class space    used 18077K, capacity 19855K, committed 20864K, reserved 1048576K
GC Heap History (20 events):
Event: 16006.419 GC heap after
{Heap after GC invocations=307 (full 2):
 garbage-first heap   total 396288K, used 174420K [0x0000000080000000, 0x0000000100000000)
  region size 1024K, 6 young (6144K), 6 survivors (6144K)
 Metaspace       used 148481K, capacity 153522K, committed 165840K, reserved 1193984K
  class space    used 17758K, capacity 19517K, committed 20864K, reserved 1048576K
}
Event: 16010.265 GC heap before
{Heap before GC invocations=308 (full 2):
 garbage-first heap   total 396288K, used 267048K [0x0000000080000000, 0x0000000100000000)
  region size 1024K, 109 young (111616K), 6 survivors (6144K)
 Metaspace       used 150672K, capacity 155756K, committed 165840K, reserved 1193984K
  class space    used 17982K, capacity 19750K, committed 20864K, reserved 1048576K
}
Event: 16010.292 GC heap after
{Heap after GC invocations=309 (full 2):
 garbage-first heap   total 396288K, used 180875K [0x0000000080000000, 0x0000000100000000)
  region size 1024K, 14 young (14336K), 14 survivors (14336K)
 Metaspace       used 150672K, capacity 155756K, committed 165840K, reserved 1193984K
  class space    used 17982K, capacity 19750K, committed 20864K, reserved 1048576K
}
Event: 16010.311 GC heap before
{Heap before GC invocations=309 (full 2):
 garbage-first heap   total 396288K, used 184971K [0x0000000080000000, 0x0000000100000000)
  region size 1024K, 19 young (19456K), 14 survivors (14336K)
 Metaspace       used 150674K, capacity 155756K, committed 165840K, reserved 1193984K
  class space    used 17982K, capacity 19750K, committed 20864K, reserved 1048576K
}
Event: 16010.334 GC heap after
{Heap after GC invocations=310 (full 2):
 garbage-first heap   total 396288K, used 166423K [0x0000000080000000, 0x0000000100000000)
  region size 1024K, 3 young (3072K), 3 survivors (3072K)
 Metaspace       used 150674K, capacity 155756K, committed 165840K, reserved 1193984K
  class space    used 17982K, capacity 19750K, committed 20864K, reserved 1048576K
}
Event: 16011.069 GC heap before
{Heap before GC invocations=310 (full 2):
 garbage-first heap   total 396288K, used 274967K [0x0000000080000000, 0x0000000100000000)
  region size 1024K, 110 young (112640K), 3 survivors (3072K)
 Metaspace       used 151773K, capacity 156844K, committed 165840K, reserved 1193984K
  class space    used 18077K, capacity 19855K, committed 20864K, reserved 1048576K
}
Event: 16011.108 GC heap after
{Heap after GC invocations=311 (full 2):
 garbage-first heap   total 396288K, used 183966K [0x0000000080000000, 0x0000000100000000)
  region size 1024K, 14 young (14336K), 14 survivors (14336K)
 Metaspace       used 151773K, capacity 156844K, committed 165840K, reserved 1193984K
  class space    used 18077K, capacity 19855K, committed 20864K, reserved 1048576K
}
Event: 16019.630 GC heap before
{Heap before GC invocations=312 (full 2):
 garbage-first heap   total 396288K, used 298654K [0x0000000080000000, 0x0000000100000000)
  region size 1024K, 115 young (117760K), 14 survivors (14336K)
 Metaspace       used 151784K, capacity 156845K, committed 165840K, reserved 1193984K
  class space    used 18077K, capacity 19855K, committed 20864K, reserved 1048576K
}
Event: 16019.676 GC heap after
{Heap after GC invocations=313 (full 2):
 garbage-first heap   total 396288K, used 184349K [0x0000000080000000, 0x0000000100000000)
  region size 1024K, 4 young (4096K), 4 survivors (4096K)
 Metaspace       used 151784K, capacity 156845K, committed 165840K, reserved 1193984K
  class space    used 18077K, capacity 19855K, committed 20864K, reserved 1048576K
}
Event: 16021.005 GC heap before
{Heap before GC invocations=313 (full 2):
 garbage-first heap   total 396288K, used 199709K [0x0000000080000000, 0x0000000100000000)
  region size 1024K, 19 young (19456K), 4 survivors (4096K)
 Metaspace       used 151809K, capacity 156845K, committed 165840K, reserved 1193984K
  class space    used 18077K, capacity 19855K, committed 20864K, reserved 1048576K
}
Event: 16021.037 GC heap after
{Heap after GC invocations=314 (full 2):
 garbage-first heap   total 396288K, used 180031K [0x0000000080000000, 0x0000000100000000)
  region size 1024K, 3 young (3072K), 3 survivors (3072K)
 Metaspace       used 151809K, capacity 156845K, committed 165840K, reserved 1193984K
  class space    used 18077K, capacity 19855K, committed 20864K, reserved 1048576K
}
Event: 16024.325 GC heap before
{Heap before GC invocations=314 (full 2):
 garbage-first heap   total 396288K, used 288575K [0x0000000080000000, 0x0000000100000000)
  region size 1024K, 110 young (112640K), 3 survivors (3072K)
 Metaspace       used 151827K, capacity 156909K, committed 165840K, reserved 1193984K
  class space    used 18077K, capacity 19855K, committed 20864K, reserved 1048576K
}
Event: 16024.351 GC heap after
{Heap after GC invocations=315 (full 2):
 garbage-first heap   total 396288K, used 186155K [0x0000000080000000, 0x0000000100000000)
  region size 1024K, 9 young (9216K), 9 survivors (9216K)
 Metaspace       used 151827K, capacity 156909K, committed 165840K, reserved 1193984K
  class space    used 18077K, capacity 19855K, committed 20864K, reserved 1048576K
}
Event: 16027.316 GC heap before
{Heap before GC invocations=316 (full 2):
 garbage-first heap   total 396288K, used 280363K [0x0000000080000000, 0x0000000100000000)
  region size 1024K, 118 young (120832K), 9 survivors (9216K)
 Metaspace       used 151864K, capacity 156973K, committed 165840K, reserved 1193984K
  class space    used 18077K, capacity 19855K, committed 20864K, reserved 1048576K
}
Event: 16027.340 GC heap after
{Heap after GC invocations=317 (full 2):
 garbage-first heap   total 396288K, used 177310K [0x0000000080000000, 0x0000000100000000)
  region size 1024K, 15 young (15360K), 15 survivors (15360K)
 Metaspace       used 151864K, capacity 156973K, committed 165840K, reserved 1193984K
  class space    used 18077K, capacity 19855K, committed 20864K, reserved 1048576K
}
Event: 16027.357 GC heap before
{Heap before GC invocations=317 (full 2):
 garbage-first heap   total 396288K, used 180382K [0x0000000080000000, 0x0000000100000000)
  region size 1024K, 19 young (19456K), 15 survivors (15360K)
 Metaspace       used 151865K, capacity 156973K, committed 165840K, reserved 1193984K
  class space    used 18077K, capacity 19855K, committed 20864K, reserved 1048576K
}
Event: 16027.391 GC heap after
{Heap after GC invocations=318 (full 2):
 garbage-first heap   total 396288K, used 154546K [0x0000000080000000, 0x0000000100000000)
  region size 1024K, 2 young (2048K), 2 survivors (2048K)
 Metaspace       used 151865K, capacity 156973K, committed 165840K, reserved 1193984K
  class space    used 18077K, capacity 19855K, committed 20864K, reserved 1048576K
}
Event: 16027.483 GC heap before
{Heap before GC invocations=318 (full 2):
 garbage-first heap   total 396288K, used 174002K [0x0000000080000000, 0x0000000100000000)
  region size 1024K, 22 young (22528K), 2 survivors (2048K)
 Metaspace       used 151865K, capacity 156973K, committed 165840K, reserved 1193984K
  class space    used 18077K, capacity 19855K, committed 20864K, reserved 1048576K
}
Event: 16027.511 GC heap after
{Heap after GC invocations=319 (full 2):
 garbage-first heap   total 396288K, used 163762K [0x0000000080000000, 0x0000000100000000)
  region size 1024K, 11 young (11264K), 11 survivors (11264K)
 Metaspace       used 151865K, capacity 156973K, committed 165840K, reserved 1193984K
  class space    used 18077K, capacity 19855K, committed 20864K, reserved 1048576K
}
Event: 16102.174 GC heap before
{Heap before GC invocations=320 (full 2):
 garbage-first heap   total 396288K, used 289714K [0x0000000080000000, 0x0000000100000000)
  region size 1024K, 127 young (130048K), 11 survivors (11264K)
 Metaspace       used 151951K, capacity 157038K, committed 165840K, reserved 1193984K
  class space    used 18077K, capacity 19855K, committed 20864K, reserved 1048576K
}

